{"C:\\Users\\Michele Grisafi\\Documents\\GitKraken\\aulando.ayy\\node_api\\index.js": {"path":"C:\\Users\\Michele Grisafi\\Documents\\GitKraken\\aulando.ayy\\node_api\\index.js","statementMap":{"0":{"start":{"line":2,"column":22},"end":{"line":2,"column":40}},"1":{"start":{"line":3,"column":22},"end":{"line":3,"column":44}},"2":{"start":{"line":4,"column":22},"end":{"line":4,"column":44}},"3":{"start":{"line":5,"column":22},"end":{"line":5,"column":37}},"4":{"start":{"line":6,"column":22},"end":{"line":6,"column":45}},"5":{"start":{"line":10,"column":26},"end":{"line":10,"column":107}},"6":{"start":{"line":11,"column":26},"end":{"line":11,"column":39}},"7":{"start":{"line":12,"column":26},"end":{"line":12,"column":45}},"8":{"start":{"line":13,"column":26},"end":{"line":13,"column":38}},"9":{"start":{"line":14,"column":26},"end":{"line":14,"column":41}},"10":{"start":{"line":15,"column":26},"end":{"line":15,"column":46}},"11":{"start":{"line":16,"column":26},"end":{"line":16,"column":47}},"12":{"start":{"line":17,"column":26},"end":{"line":17,"column":41}},"13":{"start":{"line":18,"column":26},"end":{"line":18,"column":39}},"14":{"start":{"line":19,"column":26},"end":{"line":19,"column":41}},"15":{"start":{"line":20,"column":26},"end":{"line":20,"column":40}},"16":{"start":{"line":23,"column":10},"end":{"line":23,"column":19}},"17":{"start":{"line":24,"column":13},"end":{"line":24,"column":29}},"18":{"start":{"line":27,"column":0},"end":{"line":27,"column":51}},"19":{"start":{"line":28,"column":0},"end":{"line":28,"column":27}},"20":{"start":{"line":31,"column":11},"end":{"line":31,"column":35}},"21":{"start":{"line":34,"column":0},"end":{"line":46,"column":3}},"22":{"start":{"line":36,"column":4},"end":{"line":36,"column":51}},"23":{"start":{"line":37,"column":4},"end":{"line":37,"column":97}},"24":{"start":{"line":38,"column":4},"end":{"line":38,"column":51}},"25":{"start":{"line":39,"column":4},"end":{"line":42,"column":5}},"26":{"start":{"line":40,"column":8},"end":{"line":40,"column":72}},"27":{"start":{"line":41,"column":8},"end":{"line":41,"column":40}},"28":{"start":{"line":43,"column":4},"end":{"line":43,"column":57}},"29":{"start":{"line":45,"column":4},"end":{"line":45,"column":11}},"30":{"start":{"line":49,"column":0},"end":{"line":51,"column":3}},"31":{"start":{"line":50,"column":4},"end":{"line":50,"column":61}},"32":{"start":{"line":62,"column":0},"end":{"line":81,"column":3}},"33":{"start":{"line":63,"column":18},"end":{"line":63,"column":22}},"34":{"start":{"line":64,"column":18},"end":{"line":64,"column":83}},"35":{"start":{"line":65,"column":17},"end":{"line":65,"column":79}},"36":{"start":{"line":66,"column":14},"end":{"line":66,"column":67}},"37":{"start":{"line":67,"column":23},"end":{"line":67,"column":103}},"38":{"start":{"line":68,"column":18},"end":{"line":68,"column":126}},"39":{"start":{"line":70,"column":4},"end":{"line":71,"column":22}},"40":{"start":{"line":71,"column":8},"end":{"line":71,"column":22}},"41":{"start":{"line":72,"column":4},"end":{"line":80,"column":24}},"42":{"start":{"line":73,"column":8},"end":{"line":78,"column":11}},"43":{"start":{"line":74,"column":12},"end":{"line":75,"column":54}},"44":{"start":{"line":75,"column":16},"end":{"line":75,"column":54}},"45":{"start":{"line":76,"column":12},"end":{"line":76,"column":26}},"46":{"start":{"line":77,"column":12},"end":{"line":77,"column":22}},"47":{"start":{"line":80,"column":8},"end":{"line":80,"column":24}},"48":{"start":{"line":93,"column":0},"end":{"line":113,"column":3}},"49":{"start":{"line":94,"column":16},"end":{"line":94,"column":20}},"50":{"start":{"line":95,"column":18},"end":{"line":95,"column":83}},"51":{"start":{"line":96,"column":23},"end":{"line":96,"column":103}},"52":{"start":{"line":97,"column":17},"end":{"line":97,"column":79}},"53":{"start":{"line":98,"column":16},"end":{"line":98,"column":75}},"54":{"start":{"line":99,"column":15},"end":{"line":99,"column":71}},"55":{"start":{"line":100,"column":18},"end":{"line":100,"column":148}},"56":{"start":{"line":102,"column":4},"end":{"line":103,"column":22}},"57":{"start":{"line":103,"column":8},"end":{"line":103,"column":22}},"58":{"start":{"line":104,"column":4},"end":{"line":112,"column":24}},"59":{"start":{"line":105,"column":8},"end":{"line":110,"column":11}},"60":{"start":{"line":106,"column":12},"end":{"line":107,"column":54}},"61":{"start":{"line":107,"column":16},"end":{"line":107,"column":54}},"62":{"start":{"line":108,"column":12},"end":{"line":108,"column":26}},"63":{"start":{"line":109,"column":12},"end":{"line":109,"column":22}},"64":{"start":{"line":112,"column":8},"end":{"line":112,"column":24}},"65":{"start":{"line":123,"column":0},"end":{"line":141,"column":3}},"66":{"start":{"line":124,"column":16},"end":{"line":124,"column":20}},"67":{"start":{"line":125,"column":18},"end":{"line":125,"column":83}},"68":{"start":{"line":126,"column":15},"end":{"line":126,"column":71}},"69":{"start":{"line":127,"column":17},"end":{"line":127,"column":79}},"70":{"start":{"line":128,"column":23},"end":{"line":128,"column":103}},"71":{"start":{"line":129,"column":18},"end":{"line":129,"column":126}},"72":{"start":{"line":130,"column":4},"end":{"line":131,"column":22}},"73":{"start":{"line":131,"column":8},"end":{"line":131,"column":22}},"74":{"start":{"line":132,"column":4},"end":{"line":140,"column":24}},"75":{"start":{"line":133,"column":8},"end":{"line":138,"column":11}},"76":{"start":{"line":134,"column":12},"end":{"line":135,"column":57}},"77":{"start":{"line":135,"column":16},"end":{"line":135,"column":57}},"78":{"start":{"line":136,"column":12},"end":{"line":136,"column":26}},"79":{"start":{"line":137,"column":12},"end":{"line":137,"column":22}},"80":{"start":{"line":140,"column":8},"end":{"line":140,"column":24}},"81":{"start":{"line":150,"column":0},"end":{"line":163,"column":3}},"82":{"start":{"line":151,"column":18},"end":{"line":151,"column":22}},"83":{"start":{"line":152,"column":18},"end":{"line":152,"column":83}},"84":{"start":{"line":153,"column":18},"end":{"line":153,"column":58}},"85":{"start":{"line":154,"column":4},"end":{"line":162,"column":24}},"86":{"start":{"line":155,"column":8},"end":{"line":160,"column":11}},"87":{"start":{"line":156,"column":12},"end":{"line":157,"column":62}},"88":{"start":{"line":157,"column":16},"end":{"line":157,"column":62}},"89":{"start":{"line":158,"column":12},"end":{"line":158,"column":26}},"90":{"start":{"line":159,"column":12},"end":{"line":159,"column":22}},"91":{"start":{"line":162,"column":8},"end":{"line":162,"column":24}},"92":{"start":{"line":170,"column":0},"end":{"line":186,"column":3}},"93":{"start":{"line":171,"column":18},"end":{"line":171,"column":22}},"94":{"start":{"line":172,"column":18},"end":{"line":172,"column":83}},"95":{"start":{"line":173,"column":23},"end":{"line":173,"column":103}},"96":{"start":{"line":174,"column":18},"end":{"line":174,"column":86}},"97":{"start":{"line":175,"column":4},"end":{"line":176,"column":22}},"98":{"start":{"line":176,"column":8},"end":{"line":176,"column":22}},"99":{"start":{"line":177,"column":4},"end":{"line":185,"column":24}},"100":{"start":{"line":178,"column":8},"end":{"line":183,"column":11}},"101":{"start":{"line":179,"column":12},"end":{"line":180,"column":54}},"102":{"start":{"line":180,"column":16},"end":{"line":180,"column":54}},"103":{"start":{"line":181,"column":12},"end":{"line":181,"column":26}},"104":{"start":{"line":182,"column":12},"end":{"line":182,"column":22}},"105":{"start":{"line":185,"column":8},"end":{"line":185,"column":24}},"106":{"start":{"line":194,"column":0},"end":{"line":210,"column":3}},"107":{"start":{"line":195,"column":18},"end":{"line":195,"column":22}},"108":{"start":{"line":196,"column":18},"end":{"line":196,"column":83}},"109":{"start":{"line":197,"column":23},"end":{"line":197,"column":103}},"110":{"start":{"line":198,"column":18},"end":{"line":198,"column":86}},"111":{"start":{"line":199,"column":4},"end":{"line":200,"column":22}},"112":{"start":{"line":200,"column":8},"end":{"line":200,"column":22}},"113":{"start":{"line":201,"column":4},"end":{"line":209,"column":24}},"114":{"start":{"line":202,"column":8},"end":{"line":207,"column":11}},"115":{"start":{"line":203,"column":12},"end":{"line":204,"column":57}},"116":{"start":{"line":204,"column":16},"end":{"line":204,"column":57}},"117":{"start":{"line":205,"column":12},"end":{"line":205,"column":26}},"118":{"start":{"line":206,"column":12},"end":{"line":206,"column":22}},"119":{"start":{"line":209,"column":8},"end":{"line":209,"column":24}},"120":{"start":{"line":217,"column":0},"end":{"line":233,"column":3}},"121":{"start":{"line":218,"column":18},"end":{"line":218,"column":22}},"122":{"start":{"line":219,"column":18},"end":{"line":219,"column":83}},"123":{"start":{"line":220,"column":23},"end":{"line":220,"column":103}},"124":{"start":{"line":221,"column":18},"end":{"line":221,"column":86}},"125":{"start":{"line":222,"column":4},"end":{"line":223,"column":22}},"126":{"start":{"line":223,"column":8},"end":{"line":223,"column":22}},"127":{"start":{"line":224,"column":4},"end":{"line":232,"column":24}},"128":{"start":{"line":225,"column":8},"end":{"line":230,"column":11}},"129":{"start":{"line":226,"column":12},"end":{"line":227,"column":55}},"130":{"start":{"line":227,"column":16},"end":{"line":227,"column":55}},"131":{"start":{"line":228,"column":12},"end":{"line":228,"column":26}},"132":{"start":{"line":229,"column":12},"end":{"line":229,"column":22}},"133":{"start":{"line":232,"column":8},"end":{"line":232,"column":24}},"134":{"start":{"line":241,"column":0},"end":{"line":257,"column":3}},"135":{"start":{"line":242,"column":18},"end":{"line":242,"column":22}},"136":{"start":{"line":243,"column":18},"end":{"line":243,"column":83}},"137":{"start":{"line":244,"column":16},"end":{"line":244,"column":75}},"138":{"start":{"line":245,"column":18},"end":{"line":245,"column":79}},"139":{"start":{"line":246,"column":4},"end":{"line":247,"column":22}},"140":{"start":{"line":247,"column":8},"end":{"line":247,"column":22}},"141":{"start":{"line":248,"column":4},"end":{"line":256,"column":24}},"142":{"start":{"line":249,"column":8},"end":{"line":254,"column":11}},"143":{"start":{"line":250,"column":12},"end":{"line":251,"column":58}},"144":{"start":{"line":251,"column":16},"end":{"line":251,"column":58}},"145":{"start":{"line":252,"column":12},"end":{"line":252,"column":26}},"146":{"start":{"line":253,"column":12},"end":{"line":253,"column":22}},"147":{"start":{"line":256,"column":8},"end":{"line":256,"column":24}},"148":{"start":{"line":265,"column":0},"end":{"line":281,"column":3}},"149":{"start":{"line":266,"column":18},"end":{"line":266,"column":22}},"150":{"start":{"line":267,"column":18},"end":{"line":267,"column":83}},"151":{"start":{"line":268,"column":19},"end":{"line":268,"column":87}},"152":{"start":{"line":269,"column":18},"end":{"line":269,"column":82}},"153":{"start":{"line":270,"column":4},"end":{"line":271,"column":22}},"154":{"start":{"line":271,"column":8},"end":{"line":271,"column":22}},"155":{"start":{"line":272,"column":4},"end":{"line":280,"column":24}},"156":{"start":{"line":273,"column":8},"end":{"line":278,"column":11}},"157":{"start":{"line":274,"column":12},"end":{"line":275,"column":58}},"158":{"start":{"line":275,"column":16},"end":{"line":275,"column":58}},"159":{"start":{"line":276,"column":12},"end":{"line":276,"column":26}},"160":{"start":{"line":277,"column":12},"end":{"line":277,"column":22}},"161":{"start":{"line":280,"column":8},"end":{"line":280,"column":24}},"162":{"start":{"line":283,"column":16},"end":{"line":286,"column":1}},"163":{"start":{"line":284,"column":4},"end":{"line":284,"column":20}},"164":{"start":{"line":285,"column":4},"end":{"line":285,"column":54}},"165":{"start":{"line":287,"column":16},"end":{"line":289,"column":1}},"166":{"start":{"line":288,"column":4},"end":{"line":288,"column":81}},"167":{"start":{"line":291,"column":0},"end":{"line":295,"column":3}},"168":{"start":{"line":292,"column":16},"end":{"line":292,"column":38}},"169":{"start":{"line":293,"column":4},"end":{"line":293,"column":21}},"170":{"start":{"line":294,"column":4},"end":{"line":294,"column":14}},"171":{"start":{"line":296,"column":0},"end":{"line":299,"column":3}},"172":{"start":{"line":297,"column":4},"end":{"line":297,"column":34}},"173":{"start":{"line":298,"column":4},"end":{"line":298,"column":50}},"174":{"start":{"line":300,"column":0},"end":{"line":302,"column":3}},"175":{"start":{"line":304,"column":0},"end":{"line":304,"column":30}}},"fnMap":{"0":{"name":"(anonymous_0)","decl":{"start":{"line":34,"column":8},"end":{"line":34,"column":9}},"loc":{"start":{"line":34,"column":34},"end":{"line":46,"column":1}},"line":34},"1":{"name":"(anonymous_1)","decl":{"start":{"line":49,"column":13},"end":{"line":49,"column":14}},"loc":{"start":{"line":49,"column":33},"end":{"line":51,"column":1}},"line":49},"2":{"name":"(anonymous_2)","decl":{"start":{"line":62,"column":22},"end":{"line":62,"column":23}},"loc":{"start":{"line":62,"column":42},"end":{"line":81,"column":1}},"line":62},"3":{"name":"(anonymous_3)","decl":{"start":{"line":73,"column":55},"end":{"line":73,"column":56}},"loc":{"start":{"line":73,"column":62},"end":{"line":78,"column":9}},"line":73},"4":{"name":"(anonymous_4)","decl":{"start":{"line":93,"column":32},"end":{"line":93,"column":33}},"loc":{"start":{"line":93,"column":52},"end":{"line":113,"column":1}},"line":93},"5":{"name":"(anonymous_5)","decl":{"start":{"line":105,"column":71},"end":{"line":105,"column":72}},"loc":{"start":{"line":105,"column":78},"end":{"line":110,"column":9}},"line":105},"6":{"name":"(anonymous_6)","decl":{"start":{"line":123,"column":22},"end":{"line":123,"column":23}},"loc":{"start":{"line":123,"column":42},"end":{"line":141,"column":1}},"line":123},"7":{"name":"(anonymous_7)","decl":{"start":{"line":133,"column":55},"end":{"line":133,"column":56}},"loc":{"start":{"line":133,"column":62},"end":{"line":138,"column":9}},"line":133},"8":{"name":"(anonymous_8)","decl":{"start":{"line":150,"column":29},"end":{"line":150,"column":30}},"loc":{"start":{"line":150,"column":49},"end":{"line":163,"column":1}},"line":150},"9":{"name":"(anonymous_9)","decl":{"start":{"line":155,"column":39},"end":{"line":155,"column":40}},"loc":{"start":{"line":155,"column":46},"end":{"line":160,"column":9}},"line":155},"10":{"name":"(anonymous_10)","decl":{"start":{"line":170,"column":21},"end":{"line":170,"column":22}},"loc":{"start":{"line":170,"column":41},"end":{"line":186,"column":1}},"line":170},"11":{"name":"(anonymous_11)","decl":{"start":{"line":178,"column":43},"end":{"line":178,"column":44}},"loc":{"start":{"line":178,"column":50},"end":{"line":183,"column":9}},"line":178},"12":{"name":"(anonymous_12)","decl":{"start":{"line":194,"column":24},"end":{"line":194,"column":25}},"loc":{"start":{"line":194,"column":44},"end":{"line":210,"column":1}},"line":194},"13":{"name":"(anonymous_13)","decl":{"start":{"line":202,"column":46},"end":{"line":202,"column":47}},"loc":{"start":{"line":202,"column":53},"end":{"line":207,"column":9}},"line":202},"14":{"name":"(anonymous_14)","decl":{"start":{"line":217,"column":22},"end":{"line":217,"column":23}},"loc":{"start":{"line":217,"column":42},"end":{"line":233,"column":1}},"line":217},"15":{"name":"(anonymous_15)","decl":{"start":{"line":225,"column":44},"end":{"line":225,"column":45}},"loc":{"start":{"line":225,"column":51},"end":{"line":230,"column":9}},"line":225},"16":{"name":"(anonymous_16)","decl":{"start":{"line":241,"column":25},"end":{"line":241,"column":26}},"loc":{"start":{"line":241,"column":45},"end":{"line":257,"column":1}},"line":241},"17":{"name":"(anonymous_17)","decl":{"start":{"line":249,"column":40},"end":{"line":249,"column":41}},"loc":{"start":{"line":249,"column":47},"end":{"line":254,"column":9}},"line":249},"18":{"name":"(anonymous_18)","decl":{"start":{"line":265,"column":24},"end":{"line":265,"column":25}},"loc":{"start":{"line":265,"column":44},"end":{"line":281,"column":1}},"line":265},"19":{"name":"(anonymous_19)","decl":{"start":{"line":273,"column":42},"end":{"line":273,"column":43}},"loc":{"start":{"line":273,"column":49},"end":{"line":278,"column":9}},"line":273},"20":{"name":"(anonymous_20)","decl":{"start":{"line":283,"column":16},"end":{"line":283,"column":17}},"loc":{"start":{"line":283,"column":27},"end":{"line":286,"column":1}},"line":283},"21":{"name":"(anonymous_21)","decl":{"start":{"line":287,"column":16},"end":{"line":287,"column":17}},"loc":{"start":{"line":287,"column":27},"end":{"line":289,"column":1}},"line":287},"22":{"name":"(anonymous_22)","decl":{"start":{"line":291,"column":8},"end":{"line":291,"column":9}},"loc":{"start":{"line":291,"column":28},"end":{"line":295,"column":1}},"line":291},"23":{"name":"(anonymous_23)","decl":{"start":{"line":296,"column":8},"end":{"line":296,"column":9}},"loc":{"start":{"line":296,"column":33},"end":{"line":299,"column":1}},"line":296},"24":{"name":"(anonymous_24)","decl":{"start":{"line":300,"column":17},"end":{"line":300,"column":18}},"loc":{"start":{"line":300,"column":29},"end":{"line":302,"column":1}},"line":300}},"branchMap":{"0":{"loc":{"start":{"line":31,"column":11},"end":{"line":31,"column":35}},"type":"binary-expr","locations":[{"start":{"line":31,"column":11},"end":{"line":31,"column":27}},{"start":{"line":31,"column":31},"end":{"line":31,"column":35}}],"line":31},"1":{"loc":{"start":{"line":39,"column":4},"end":{"line":42,"column":5}},"type":"if","locations":[{"start":{"line":39,"column":4},"end":{"line":42,"column":5}},{"start":{"line":39,"column":4},"end":{"line":42,"column":5}}],"line":39},"2":{"loc":{"start":{"line":64,"column":18},"end":{"line":64,"column":83}},"type":"cond-expr","locations":[{"start":{"line":64,"column":47},"end":{"line":64,"column":64}},{"start":{"line":64,"column":67},"end":{"line":64,"column":83}}],"line":64},"3":{"loc":{"start":{"line":65,"column":17},"end":{"line":65,"column":79}},"type":"cond-expr","locations":[{"start":{"line":65,"column":45},"end":{"line":65,"column":61}},{"start":{"line":65,"column":64},"end":{"line":65,"column":79}}],"line":65},"4":{"loc":{"start":{"line":66,"column":14},"end":{"line":66,"column":67}},"type":"cond-expr","locations":[{"start":{"line":66,"column":39},"end":{"line":66,"column":52}},{"start":{"line":66,"column":55},"end":{"line":66,"column":67}}],"line":66},"5":{"loc":{"start":{"line":67,"column":23},"end":{"line":67,"column":103}},"type":"cond-expr","locations":[{"start":{"line":67,"column":57},"end":{"line":67,"column":79}},{"start":{"line":67,"column":82},"end":{"line":67,"column":103}}],"line":67},"6":{"loc":{"start":{"line":70,"column":4},"end":{"line":71,"column":22}},"type":"if","locations":[{"start":{"line":70,"column":4},"end":{"line":71,"column":22}},{"start":{"line":70,"column":4},"end":{"line":71,"column":22}}],"line":70},"7":{"loc":{"start":{"line":70,"column":7},"end":{"line":70,"column":82}},"type":"binary-expr","locations":[{"start":{"line":70,"column":7},"end":{"line":70,"column":21}},{"start":{"line":70,"column":25},"end":{"line":70,"column":36}},{"start":{"line":70,"column":40},"end":{"line":70,"column":60}},{"start":{"line":70,"column":64},"end":{"line":70,"column":82}}],"line":70},"8":{"loc":{"start":{"line":72,"column":4},"end":{"line":80,"column":24}},"type":"if","locations":[{"start":{"line":72,"column":4},"end":{"line":80,"column":24}},{"start":{"line":72,"column":4},"end":{"line":80,"column":24}}],"line":72},"9":{"loc":{"start":{"line":74,"column":12},"end":{"line":75,"column":54}},"type":"if","locations":[{"start":{"line":74,"column":12},"end":{"line":75,"column":54}},{"start":{"line":74,"column":12},"end":{"line":75,"column":54}}],"line":74},"10":{"loc":{"start":{"line":95,"column":18},"end":{"line":95,"column":83}},"type":"cond-expr","locations":[{"start":{"line":95,"column":47},"end":{"line":95,"column":64}},{"start":{"line":95,"column":67},"end":{"line":95,"column":83}}],"line":95},"11":{"loc":{"start":{"line":96,"column":23},"end":{"line":96,"column":103}},"type":"cond-expr","locations":[{"start":{"line":96,"column":57},"end":{"line":96,"column":79}},{"start":{"line":96,"column":82},"end":{"line":96,"column":103}}],"line":96},"12":{"loc":{"start":{"line":97,"column":17},"end":{"line":97,"column":79}},"type":"cond-expr","locations":[{"start":{"line":97,"column":45},"end":{"line":97,"column":61}},{"start":{"line":97,"column":64},"end":{"line":97,"column":79}}],"line":97},"13":{"loc":{"start":{"line":98,"column":16},"end":{"line":98,"column":75}},"type":"cond-expr","locations":[{"start":{"line":98,"column":43},"end":{"line":98,"column":58}},{"start":{"line":98,"column":61},"end":{"line":98,"column":75}}],"line":98},"14":{"loc":{"start":{"line":99,"column":15},"end":{"line":99,"column":71}},"type":"cond-expr","locations":[{"start":{"line":99,"column":41},"end":{"line":99,"column":55}},{"start":{"line":99,"column":58},"end":{"line":99,"column":71}}],"line":99},"15":{"loc":{"start":{"line":102,"column":4},"end":{"line":103,"column":22}},"type":"if","locations":[{"start":{"line":102,"column":4},"end":{"line":103,"column":22}},{"start":{"line":102,"column":4},"end":{"line":103,"column":22}}],"line":102},"16":{"loc":{"start":{"line":102,"column":7},"end":{"line":102,"column":99}},"type":"binary-expr","locations":[{"start":{"line":102,"column":7},"end":{"line":102,"column":27}},{"start":{"line":102,"column":31},"end":{"line":102,"column":45}},{"start":{"line":102,"column":49},"end":{"line":102,"column":62}},{"start":{"line":102,"column":66},"end":{"line":102,"column":99}}],"line":102},"17":{"loc":{"start":{"line":104,"column":4},"end":{"line":112,"column":24}},"type":"if","locations":[{"start":{"line":104,"column":4},"end":{"line":112,"column":24}},{"start":{"line":104,"column":4},"end":{"line":112,"column":24}}],"line":104},"18":{"loc":{"start":{"line":106,"column":12},"end":{"line":107,"column":54}},"type":"if","locations":[{"start":{"line":106,"column":12},"end":{"line":107,"column":54}},{"start":{"line":106,"column":12},"end":{"line":107,"column":54}}],"line":106},"19":{"loc":{"start":{"line":125,"column":18},"end":{"line":125,"column":83}},"type":"cond-expr","locations":[{"start":{"line":125,"column":47},"end":{"line":125,"column":64}},{"start":{"line":125,"column":67},"end":{"line":125,"column":83}}],"line":125},"20":{"loc":{"start":{"line":126,"column":15},"end":{"line":126,"column":71}},"type":"cond-expr","locations":[{"start":{"line":126,"column":41},"end":{"line":126,"column":55}},{"start":{"line":126,"column":58},"end":{"line":126,"column":71}}],"line":126},"21":{"loc":{"start":{"line":127,"column":17},"end":{"line":127,"column":79}},"type":"cond-expr","locations":[{"start":{"line":127,"column":45},"end":{"line":127,"column":61}},{"start":{"line":127,"column":64},"end":{"line":127,"column":79}}],"line":127},"22":{"loc":{"start":{"line":128,"column":23},"end":{"line":128,"column":103}},"type":"cond-expr","locations":[{"start":{"line":128,"column":57},"end":{"line":128,"column":79}},{"start":{"line":128,"column":82},"end":{"line":128,"column":103}}],"line":128},"23":{"loc":{"start":{"line":130,"column":4},"end":{"line":131,"column":22}},"type":"if","locations":[{"start":{"line":130,"column":4},"end":{"line":131,"column":22}},{"start":{"line":130,"column":4},"end":{"line":131,"column":22}}],"line":130},"24":{"loc":{"start":{"line":130,"column":7},"end":{"line":130,"column":83}},"type":"binary-expr","locations":[{"start":{"line":130,"column":7},"end":{"line":130,"column":19}},{"start":{"line":130,"column":23},"end":{"line":130,"column":37}},{"start":{"line":130,"column":41},"end":{"line":130,"column":61}},{"start":{"line":130,"column":65},"end":{"line":130,"column":83}}],"line":130},"25":{"loc":{"start":{"line":132,"column":4},"end":{"line":140,"column":24}},"type":"if","locations":[{"start":{"line":132,"column":4},"end":{"line":140,"column":24}},{"start":{"line":132,"column":4},"end":{"line":140,"column":24}}],"line":132},"26":{"loc":{"start":{"line":134,"column":12},"end":{"line":135,"column":57}},"type":"if","locations":[{"start":{"line":134,"column":12},"end":{"line":135,"column":57}},{"start":{"line":134,"column":12},"end":{"line":135,"column":57}}],"line":134},"27":{"loc":{"start":{"line":152,"column":18},"end":{"line":152,"column":83}},"type":"cond-expr","locations":[{"start":{"line":152,"column":47},"end":{"line":152,"column":64}},{"start":{"line":152,"column":67},"end":{"line":152,"column":83}}],"line":152},"28":{"loc":{"start":{"line":154,"column":4},"end":{"line":162,"column":24}},"type":"if","locations":[{"start":{"line":154,"column":4},"end":{"line":162,"column":24}},{"start":{"line":154,"column":4},"end":{"line":162,"column":24}}],"line":154},"29":{"loc":{"start":{"line":156,"column":12},"end":{"line":157,"column":62}},"type":"if","locations":[{"start":{"line":156,"column":12},"end":{"line":157,"column":62}},{"start":{"line":156,"column":12},"end":{"line":157,"column":62}}],"line":156},"30":{"loc":{"start":{"line":172,"column":18},"end":{"line":172,"column":83}},"type":"cond-expr","locations":[{"start":{"line":172,"column":47},"end":{"line":172,"column":64}},{"start":{"line":172,"column":67},"end":{"line":172,"column":83}}],"line":172},"31":{"loc":{"start":{"line":173,"column":23},"end":{"line":173,"column":103}},"type":"cond-expr","locations":[{"start":{"line":173,"column":57},"end":{"line":173,"column":79}},{"start":{"line":173,"column":82},"end":{"line":173,"column":103}}],"line":173},"32":{"loc":{"start":{"line":175,"column":4},"end":{"line":176,"column":22}},"type":"if","locations":[{"start":{"line":175,"column":4},"end":{"line":176,"column":22}},{"start":{"line":175,"column":4},"end":{"line":176,"column":22}}],"line":175},"33":{"loc":{"start":{"line":177,"column":4},"end":{"line":185,"column":24}},"type":"if","locations":[{"start":{"line":177,"column":4},"end":{"line":185,"column":24}},{"start":{"line":177,"column":4},"end":{"line":185,"column":24}}],"line":177},"34":{"loc":{"start":{"line":179,"column":12},"end":{"line":180,"column":54}},"type":"if","locations":[{"start":{"line":179,"column":12},"end":{"line":180,"column":54}},{"start":{"line":179,"column":12},"end":{"line":180,"column":54}}],"line":179},"35":{"loc":{"start":{"line":196,"column":18},"end":{"line":196,"column":83}},"type":"cond-expr","locations":[{"start":{"line":196,"column":47},"end":{"line":196,"column":64}},{"start":{"line":196,"column":67},"end":{"line":196,"column":83}}],"line":196},"36":{"loc":{"start":{"line":197,"column":23},"end":{"line":197,"column":103}},"type":"cond-expr","locations":[{"start":{"line":197,"column":57},"end":{"line":197,"column":79}},{"start":{"line":197,"column":82},"end":{"line":197,"column":103}}],"line":197},"37":{"loc":{"start":{"line":199,"column":4},"end":{"line":200,"column":22}},"type":"if","locations":[{"start":{"line":199,"column":4},"end":{"line":200,"column":22}},{"start":{"line":199,"column":4},"end":{"line":200,"column":22}}],"line":199},"38":{"loc":{"start":{"line":201,"column":4},"end":{"line":209,"column":24}},"type":"if","locations":[{"start":{"line":201,"column":4},"end":{"line":209,"column":24}},{"start":{"line":201,"column":4},"end":{"line":209,"column":24}}],"line":201},"39":{"loc":{"start":{"line":203,"column":12},"end":{"line":204,"column":57}},"type":"if","locations":[{"start":{"line":203,"column":12},"end":{"line":204,"column":57}},{"start":{"line":203,"column":12},"end":{"line":204,"column":57}}],"line":203},"40":{"loc":{"start":{"line":219,"column":18},"end":{"line":219,"column":83}},"type":"cond-expr","locations":[{"start":{"line":219,"column":47},"end":{"line":219,"column":64}},{"start":{"line":219,"column":67},"end":{"line":219,"column":83}}],"line":219},"41":{"loc":{"start":{"line":220,"column":23},"end":{"line":220,"column":103}},"type":"cond-expr","locations":[{"start":{"line":220,"column":57},"end":{"line":220,"column":79}},{"start":{"line":220,"column":82},"end":{"line":220,"column":103}}],"line":220},"42":{"loc":{"start":{"line":222,"column":4},"end":{"line":223,"column":22}},"type":"if","locations":[{"start":{"line":222,"column":4},"end":{"line":223,"column":22}},{"start":{"line":222,"column":4},"end":{"line":223,"column":22}}],"line":222},"43":{"loc":{"start":{"line":224,"column":4},"end":{"line":232,"column":24}},"type":"if","locations":[{"start":{"line":224,"column":4},"end":{"line":232,"column":24}},{"start":{"line":224,"column":4},"end":{"line":232,"column":24}}],"line":224},"44":{"loc":{"start":{"line":226,"column":12},"end":{"line":227,"column":55}},"type":"if","locations":[{"start":{"line":226,"column":12},"end":{"line":227,"column":55}},{"start":{"line":226,"column":12},"end":{"line":227,"column":55}}],"line":226},"45":{"loc":{"start":{"line":243,"column":18},"end":{"line":243,"column":83}},"type":"cond-expr","locations":[{"start":{"line":243,"column":47},"end":{"line":243,"column":64}},{"start":{"line":243,"column":67},"end":{"line":243,"column":83}}],"line":243},"46":{"loc":{"start":{"line":244,"column":16},"end":{"line":244,"column":75}},"type":"cond-expr","locations":[{"start":{"line":244,"column":43},"end":{"line":244,"column":58}},{"start":{"line":244,"column":61},"end":{"line":244,"column":75}}],"line":244},"47":{"loc":{"start":{"line":246,"column":4},"end":{"line":247,"column":22}},"type":"if","locations":[{"start":{"line":246,"column":4},"end":{"line":247,"column":22}},{"start":{"line":246,"column":4},"end":{"line":247,"column":22}}],"line":246},"48":{"loc":{"start":{"line":248,"column":4},"end":{"line":256,"column":24}},"type":"if","locations":[{"start":{"line":248,"column":4},"end":{"line":256,"column":24}},{"start":{"line":248,"column":4},"end":{"line":256,"column":24}}],"line":248},"49":{"loc":{"start":{"line":250,"column":12},"end":{"line":251,"column":58}},"type":"if","locations":[{"start":{"line":250,"column":12},"end":{"line":251,"column":58}},{"start":{"line":250,"column":12},"end":{"line":251,"column":58}}],"line":250},"50":{"loc":{"start":{"line":267,"column":18},"end":{"line":267,"column":83}},"type":"cond-expr","locations":[{"start":{"line":267,"column":47},"end":{"line":267,"column":64}},{"start":{"line":267,"column":67},"end":{"line":267,"column":83}}],"line":267},"51":{"loc":{"start":{"line":268,"column":19},"end":{"line":268,"column":87}},"type":"cond-expr","locations":[{"start":{"line":268,"column":49},"end":{"line":268,"column":67}},{"start":{"line":268,"column":70},"end":{"line":268,"column":87}}],"line":268},"52":{"loc":{"start":{"line":270,"column":4},"end":{"line":271,"column":22}},"type":"if","locations":[{"start":{"line":270,"column":4},"end":{"line":271,"column":22}},{"start":{"line":270,"column":4},"end":{"line":271,"column":22}}],"line":270},"53":{"loc":{"start":{"line":272,"column":4},"end":{"line":280,"column":24}},"type":"if","locations":[{"start":{"line":272,"column":4},"end":{"line":280,"column":24}},{"start":{"line":272,"column":4},"end":{"line":280,"column":24}}],"line":272},"54":{"loc":{"start":{"line":274,"column":12},"end":{"line":275,"column":58}},"type":"if","locations":[{"start":{"line":274,"column":12},"end":{"line":275,"column":58}},{"start":{"line":274,"column":12},"end":{"line":275,"column":58}}],"line":274},"55":{"loc":{"start":{"line":285,"column":12},"end":{"line":285,"column":52}},"type":"binary-expr","locations":[{"start":{"line":285,"column":12},"end":{"line":285,"column":29}},{"start":{"line":285,"column":33},"end":{"line":285,"column":52}}],"line":285},"56":{"loc":{"start":{"line":297,"column":15},"end":{"line":297,"column":32}},"type":"binary-expr","locations":[{"start":{"line":297,"column":15},"end":{"line":297,"column":25}},{"start":{"line":297,"column":29},"end":{"line":297,"column":32}}],"line":297}},"s":{"0":1,"1":1,"2":1,"3":1,"4":1,"5":1,"6":1,"7":1,"8":1,"9":1,"10":1,"11":1,"12":1,"13":1,"14":1,"15":1,"16":1,"17":1,"18":1,"19":1,"20":1,"21":1,"22":0,"23":0,"24":0,"25":0,"26":0,"27":0,"28":0,"29":0,"30":1,"31":0,"32":1,"33":0,"34":0,"35":0,"36":0,"37":0,"38":0,"39":0,"40":0,"41":0,"42":0,"43":0,"44":0,"45":0,"46":0,"47":0,"48":1,"49":0,"50":0,"51":0,"52":0,"53":0,"54":0,"55":0,"56":0,"57":0,"58":0,"59":0,"60":0,"61":0,"62":0,"63":0,"64":0,"65":1,"66":0,"67":0,"68":0,"69":0,"70":0,"71":0,"72":0,"73":0,"74":0,"75":0,"76":0,"77":0,"78":0,"79":0,"80":0,"81":1,"82":0,"83":0,"84":0,"85":0,"86":0,"87":0,"88":0,"89":0,"90":0,"91":0,"92":1,"93":0,"94":0,"95":0,"96":0,"97":0,"98":0,"99":0,"100":0,"101":0,"102":0,"103":0,"104":0,"105":0,"106":1,"107":0,"108":0,"109":0,"110":0,"111":0,"112":0,"113":0,"114":0,"115":0,"116":0,"117":0,"118":0,"119":0,"120":1,"121":0,"122":0,"123":0,"124":0,"125":0,"126":0,"127":0,"128":0,"129":0,"130":0,"131":0,"132":0,"133":0,"134":1,"135":0,"136":0,"137":0,"138":0,"139":0,"140":0,"141":0,"142":0,"143":0,"144":0,"145":0,"146":0,"147":0,"148":1,"149":0,"150":0,"151":0,"152":0,"153":0,"154":0,"155":0,"156":0,"157":0,"158":0,"159":0,"160":0,"161":0,"162":1,"163":5,"164":5,"165":1,"166":0,"167":1,"168":0,"169":0,"170":0,"171":1,"172":0,"173":0,"174":1,"175":1},"f":{"0":0,"1":0,"2":0,"3":0,"4":0,"5":0,"6":0,"7":0,"8":0,"9":0,"10":0,"11":0,"12":0,"13":0,"14":0,"15":0,"16":0,"17":0,"18":0,"19":0,"20":5,"21":0,"22":0,"23":0,"24":1},"b":{"0":[1,1],"1":[0,0],"2":[0,0],"3":[0,0],"4":[0,0],"5":[0,0],"6":[0,0],"7":[0,0,0,0],"8":[0,0],"9":[0,0],"10":[0,0],"11":[0,0],"12":[0,0],"13":[0,0],"14":[0,0],"15":[0,0],"16":[0,0,0,0],"17":[0,0],"18":[0,0],"19":[0,0],"20":[0,0],"21":[0,0],"22":[0,0],"23":[0,0],"24":[0,0,0,0],"25":[0,0],"26":[0,0],"27":[0,0],"28":[0,0],"29":[0,0],"30":[0,0],"31":[0,0],"32":[0,0],"33":[0,0],"34":[0,0],"35":[0,0],"36":[0,0],"37":[0,0],"38":[0,0],"39":[0,0],"40":[0,0],"41":[0,0],"42":[0,0],"43":[0,0],"44":[0,0],"45":[0,0],"46":[0,0],"47":[0,0],"48":[0,0],"49":[0,0],"50":[0,0],"51":[0,0],"52":[0,0],"53":[0,0],"54":[0,0],"55":[5,5],"56":[0,0]},"_coverageSchema":"332fd63041d2c1bcb487cc26dd0d5f7d97098a6c","hash":"784de48bc974bbc2697b6b6c524b4a6eb939d280"}
}
