TN:
SF:C:\Users\Michele Grisafi\Documents\GitKraken\aulando.ayy\node_api\index.js
FN:34,(anonymous_0)
FN:49,(anonymous_1)
FN:62,(anonymous_2)
FN:73,(anonymous_3)
FN:93,(anonymous_4)
FN:105,(anonymous_5)
FN:123,(anonymous_6)
FN:133,(anonymous_7)
FN:150,(anonymous_8)
FN:155,(anonymous_9)
FN:170,(anonymous_10)
FN:178,(anonymous_11)
FN:194,(anonymous_12)
FN:202,(anonymous_13)
FN:217,(anonymous_14)
FN:225,(anonymous_15)
FN:241,(anonymous_16)
FN:249,(anonymous_17)
FN:265,(anonymous_18)
FN:273,(anonymous_19)
FN:283,(anonymous_20)
FN:287,(anonymous_21)
FN:291,(anonymous_22)
FN:296,(anonymous_23)
FN:300,(anonymous_24)
FNF:25
FNH:2
FNDA:0,(anonymous_0)
FNDA:0,(anonymous_1)
FNDA:0,(anonymous_2)
FNDA:0,(anonymous_3)
FNDA:0,(anonymous_4)
FNDA:0,(anonymous_5)
FNDA:0,(anonymous_6)
FNDA:0,(anonymous_7)
FNDA:0,(anonymous_8)
FNDA:0,(anonymous_9)
FNDA:0,(anonymous_10)
FNDA:0,(anonymous_11)
FNDA:0,(anonymous_12)
FNDA:0,(anonymous_13)
FNDA:0,(anonymous_14)
FNDA:0,(anonymous_15)
FNDA:0,(anonymous_16)
FNDA:0,(anonymous_17)
FNDA:0,(anonymous_18)
FNDA:0,(anonymous_19)
FNDA:5,(anonymous_20)
FNDA:0,(anonymous_21)
FNDA:0,(anonymous_22)
FNDA:0,(anonymous_23)
FNDA:1,(anonymous_24)
DA:2,1
DA:3,1
DA:4,1
DA:5,1
DA:6,1
DA:10,1
DA:11,1
DA:12,1
DA:13,1
DA:14,1
DA:15,1
DA:16,1
DA:17,1
DA:18,1
DA:19,1
DA:20,1
DA:23,1
DA:24,1
DA:27,1
DA:28,1
DA:31,1
DA:34,1
DA:36,0
DA:37,0
DA:38,0
DA:39,0
DA:40,0
DA:41,0
DA:43,0
DA:45,0
DA:49,1
DA:50,0
DA:62,1
DA:63,0
DA:64,0
DA:65,0
DA:66,0
DA:67,0
DA:68,0
DA:70,0
DA:71,0
DA:72,0
DA:73,0
DA:74,0
DA:75,0
DA:76,0
DA:77,0
DA:80,0
DA:93,1
DA:94,0
DA:95,0
DA:96,0
DA:97,0
DA:98,0
DA:99,0
DA:100,0
DA:102,0
DA:103,0
DA:104,0
DA:105,0
DA:106,0
DA:107,0
DA:108,0
DA:109,0
DA:112,0
DA:123,1
DA:124,0
DA:125,0
DA:126,0
DA:127,0
DA:128,0
DA:129,0
DA:130,0
DA:131,0
DA:132,0
DA:133,0
DA:134,0
DA:135,0
DA:136,0
DA:137,0
DA:140,0
DA:150,1
DA:151,0
DA:152,0
DA:153,0
DA:154,0
DA:155,0
DA:156,0
DA:157,0
DA:158,0
DA:159,0
DA:162,0
DA:170,1
DA:171,0
DA:172,0
DA:173,0
DA:174,0
DA:175,0
DA:176,0
DA:177,0
DA:178,0
DA:179,0
DA:180,0
DA:181,0
DA:182,0
DA:185,0
DA:194,1
DA:195,0
DA:196,0
DA:197,0
DA:198,0
DA:199,0
DA:200,0
DA:201,0
DA:202,0
DA:203,0
DA:204,0
DA:205,0
DA:206,0
DA:209,0
DA:217,1
DA:218,0
DA:219,0
DA:220,0
DA:221,0
DA:222,0
DA:223,0
DA:224,0
DA:225,0
DA:226,0
DA:227,0
DA:228,0
DA:229,0
DA:232,0
DA:241,1
DA:242,0
DA:243,0
DA:244,0
DA:245,0
DA:246,0
DA:247,0
DA:248,0
DA:249,0
DA:250,0
DA:251,0
DA:252,0
DA:253,0
DA:256,0
DA:265,1
DA:266,0
DA:267,0
DA:268,0
DA:269,0
DA:270,0
DA:271,0
DA:272,0
DA:273,0
DA:274,0
DA:275,0
DA:276,0
DA:277,0
DA:280,0
DA:283,1
DA:284,5
DA:285,5
DA:287,1
DA:288,0
DA:291,1
DA:292,0
DA:293,0
DA:294,0
DA:296,1
DA:297,0
DA:298,0
DA:300,1
DA:304,1
LF:176
LH:40
BRDA:31,0,0,1
BRDA:31,0,1,1
BRDA:39,1,0,0
BRDA:39,1,1,0
BRDA:64,2,0,0
BRDA:64,2,1,0
BRDA:65,3,0,0
BRDA:65,3,1,0
BRDA:66,4,0,0
BRDA:66,4,1,0
BRDA:67,5,0,0
BRDA:67,5,1,0
BRDA:70,6,0,0
BRDA:70,6,1,0
BRDA:70,7,0,0
BRDA:70,7,1,0
BRDA:70,7,2,0
BRDA:70,7,3,0
BRDA:72,8,0,0
BRDA:72,8,1,0
BRDA:74,9,0,0
BRDA:74,9,1,0
BRDA:95,10,0,0
BRDA:95,10,1,0
BRDA:96,11,0,0
BRDA:96,11,1,0
BRDA:97,12,0,0
BRDA:97,12,1,0
BRDA:98,13,0,0
BRDA:98,13,1,0
BRDA:99,14,0,0
BRDA:99,14,1,0
BRDA:102,15,0,0
BRDA:102,15,1,0
BRDA:102,16,0,0
BRDA:102,16,1,0
BRDA:102,16,2,0
BRDA:102,16,3,0
BRDA:104,17,0,0
BRDA:104,17,1,0
BRDA:106,18,0,0
BRDA:106,18,1,0
BRDA:125,19,0,0
BRDA:125,19,1,0
BRDA:126,20,0,0
BRDA:126,20,1,0
BRDA:127,21,0,0
BRDA:127,21,1,0
BRDA:128,22,0,0
BRDA:128,22,1,0
BRDA:130,23,0,0
BRDA:130,23,1,0
BRDA:130,24,0,0
BRDA:130,24,1,0
BRDA:130,24,2,0
BRDA:130,24,3,0
BRDA:132,25,0,0
BRDA:132,25,1,0
BRDA:134,26,0,0
BRDA:134,26,1,0
BRDA:152,27,0,0
BRDA:152,27,1,0
BRDA:154,28,0,0
BRDA:154,28,1,0
BRDA:156,29,0,0
BRDA:156,29,1,0
BRDA:172,30,0,0
BRDA:172,30,1,0
BRDA:173,31,0,0
BRDA:173,31,1,0
BRDA:175,32,0,0
BRDA:175,32,1,0
BRDA:177,33,0,0
BRDA:177,33,1,0
BRDA:179,34,0,0
BRDA:179,34,1,0
BRDA:196,35,0,0
BRDA:196,35,1,0
BRDA:197,36,0,0
BRDA:197,36,1,0
BRDA:199,37,0,0
BRDA:199,37,1,0
BRDA:201,38,0,0
BRDA:201,38,1,0
BRDA:203,39,0,0
BRDA:203,39,1,0
BRDA:219,40,0,0
BRDA:219,40,1,0
BRDA:220,41,0,0
BRDA:220,41,1,0
BRDA:222,42,0,0
BRDA:222,42,1,0
BRDA:224,43,0,0
BRDA:224,43,1,0
BRDA:226,44,0,0
BRDA:226,44,1,0
BRDA:243,45,0,0
BRDA:243,45,1,0
BRDA:244,46,0,0
BRDA:244,46,1,0
BRDA:246,47,0,0
BRDA:246,47,1,0
BRDA:248,48,0,0
BRDA:248,48,1,0
BRDA:250,49,0,0
BRDA:250,49,1,0
BRDA:267,50,0,0
BRDA:267,50,1,0
BRDA:268,51,0,0
BRDA:268,51,1,0
BRDA:270,52,0,0
BRDA:270,52,1,0
BRDA:272,53,0,0
BRDA:272,53,1,0
BRDA:274,54,0,0
BRDA:274,54,1,0
BRDA:285,55,0,5
BRDA:285,55,1,5
BRDA:297,56,0,0
BRDA:297,56,1,0
BRF:120
BRH:4
end_of_record
